build/app/intermediates/manifest_merge_blame_file/debug/manifest-merger-blame-debug-report.txt
1<?xml version="1.0" encoding="utf-8"?>
2<manifest xmlns:android="http://schemas.android.com/apk/res/android"
3    package="com.example.slc_app"
4    android:versionCode="1"
5    android:versionName="1.0.0" >
6
7    <uses-sdk
8        android:minSdkVersion="21"
9        android:targetSdkVersion="34" />
10    <!--
11         The INTERNET permission is required for development. Specifically,
12         the Flutter tool needs it to communicate with the running application
13         to allow setting breakpoints, to provide hot reload, etc.
14    -->
15    <uses-permission android:name="android.permission.INTERNET" />
15-->src\debug\AndroidManifest.xml:6:5-66
15-->src\debug\AndroidManifest.xml:6:22-64
16    <uses-permission android:name="android.permission.CAMERA" />
16-->[:mobile_scanner] AndroidManifest.xml:9:5-65
16-->[:mobile_scanner] AndroidManifest.xml:9:22-62
17
18    <uses-feature
18-->[:mobile_scanner] AndroidManifest.xml:11:5-13:36
19        android:name="android.hardware.camera"
19-->[:mobile_scanner] AndroidManifest.xml:12:9-47
20        android:required="false" /> <!-- Although the *SdkVersion is captured in gradle build files, this is required for non gradle builds -->
20-->[:mobile_scanner] AndroidManifest.xml:13:9-33
21    <!-- <uses-sdk android:minSdkVersion="14"/> -->
22    <uses-permission android:name="android.permission.ACCESS_NETWORK_STATE" />
22-->[com.google.android.datatransport:transport-backend-cct:2.3.3] AndroidManifest.xml:25:5-79
22-->[com.google.android.datatransport:transport-backend-cct:2.3.3] AndroidManifest.xml:25:22-76
23
24    <application
25        android:name="android.app.Application"
26        android:appComponentFactory="androidx.core.app.CoreComponentFactory"
26-->[androidx.core:core:1.6.0] AndroidManifest.xml:24:18-86
27        android:debuggable="true"
28        android:icon="@mipmap/ic_launcher"
29        android:label="slc_app" >
30        <activity
31            android:name="com.example.slc_app.MainActivity"
32            android:configChanges="orientation|keyboardHidden|keyboard|screenSize|smallestScreenSize|locale|layoutDirection|fontScale|screenLayout|density|uiMode"
33            android:exported="true"
34            android:hardwareAccelerated="true"
35            android:launchMode="singleTop"
36            android:theme="@style/LaunchTheme"
37            android:windowSoftInputMode="adjustResize" >
38
39            <!--
40                 Specifies an Android theme to apply to this Activity as soon as
41                 the Android process has started. This theme is visible to the user
42                 while the Flutter UI initializes. After that, this theme continues
43                 to determine the Window background behind the Flutter UI.
44            -->
45            <meta-data
46                android:name="io.flutter.embedding.android.NormalTheme"
47                android:resource="@style/NormalTheme" />
48
49            <intent-filter>
50                <action android:name="android.intent.action.MAIN" />
51
52                <category android:name="android.intent.category.LAUNCHER" />
53            </intent-filter>
54        </activity>
55        <!--
56             Don't delete the meta-data below.
57             This is used by the Flutter tool to generate GeneratedPluginRegistrant.java
58        -->
59        <meta-data
60            android:name="flutterEmbedding"
61            android:value="2" />
62
63        <uses-library
63-->[androidx.window:window:1.0.0-beta04] AndroidManifest.xml:25:9-27:40
64            android:name="androidx.window.extensions"
64-->[androidx.window:window:1.0.0-beta04] AndroidManifest.xml:26:13-54
65            android:required="false" />
65-->[androidx.window:window:1.0.0-beta04] AndroidManifest.xml:27:13-37
66        <uses-library
66-->[androidx.window:window:1.0.0-beta04] AndroidManifest.xml:28:9-30:40
67            android:name="androidx.window.sidecar"
67-->[androidx.window:window:1.0.0-beta04] AndroidManifest.xml:29:13-51
68            android:required="false" />
68-->[androidx.window:window:1.0.0-beta04] AndroidManifest.xml:30:13-37
69
70        <service
70-->[androidx.camera:camera-camera2:1.3.1] AndroidManifest.xml:24:9-33:19
71            android:name="androidx.camera.core.impl.MetadataHolderService"
71-->[androidx.camera:camera-camera2:1.3.1] AndroidManifest.xml:25:13-75
72            android:enabled="false"
72-->[androidx.camera:camera-camera2:1.3.1] AndroidManifest.xml:26:13-36
73            android:exported="false" >
73-->[androidx.camera:camera-camera2:1.3.1] AndroidManifest.xml:27:13-37
74            <meta-data
74-->[androidx.camera:camera-camera2:1.3.1] AndroidManifest.xml:30:13-32:89
75                android:name="androidx.camera.core.impl.MetadataHolderService.DEFAULT_CONFIG_PROVIDER"
75-->[androidx.camera:camera-camera2:1.3.1] AndroidManifest.xml:31:17-103
76                android:value="androidx.camera.camera2.Camera2Config$DefaultProvider" />
76-->[androidx.camera:camera-camera2:1.3.1] AndroidManifest.xml:32:17-86
77        </service>
78        <service
78-->[com.google.android.gms:play-services-mlkit-barcode-scanning:18.3.0] AndroidManifest.xml:9:9-15:19
79            android:name="com.google.mlkit.common.internal.MlKitComponentDiscoveryService"
79-->[com.google.android.gms:play-services-mlkit-barcode-scanning:18.3.0] AndroidManifest.xml:10:13-91
80            android:directBootAware="true"
80-->[com.google.mlkit:common:18.9.0] AndroidManifest.xml:17:13-43
81            android:exported="false" >
81-->[com.google.android.gms:play-services-mlkit-barcode-scanning:18.3.0] AndroidManifest.xml:11:13-37
82            <meta-data
82-->[com.google.android.gms:play-services-mlkit-barcode-scanning:18.3.0] AndroidManifest.xml:12:13-14:85
83                android:name="com.google.firebase.components:com.google.mlkit.vision.barcode.internal.BarcodeRegistrar"
83-->[com.google.android.gms:play-services-mlkit-barcode-scanning:18.3.0] AndroidManifest.xml:13:17-120
84                android:value="com.google.firebase.components.ComponentRegistrar" />
84-->[com.google.android.gms:play-services-mlkit-barcode-scanning:18.3.0] AndroidManifest.xml:14:17-82
85            <meta-data
85-->[com.google.mlkit:vision-common:17.3.0] AndroidManifest.xml:12:13-14:85
86                android:name="com.google.firebase.components:com.google.mlkit.vision.common.internal.VisionCommonRegistrar"
86-->[com.google.mlkit:vision-common:17.3.0] AndroidManifest.xml:13:17-124
87                android:value="com.google.firebase.components.ComponentRegistrar" />
87-->[com.google.mlkit:vision-common:17.3.0] AndroidManifest.xml:14:17-82
88            <meta-data
88-->[com.google.mlkit:common:18.9.0] AndroidManifest.xml:20:13-22:85
89                android:name="com.google.firebase.components:com.google.mlkit.common.internal.CommonComponentRegistrar"
89-->[com.google.mlkit:common:18.9.0] AndroidManifest.xml:21:17-120
90                android:value="com.google.firebase.components.ComponentRegistrar" />
90-->[com.google.mlkit:common:18.9.0] AndroidManifest.xml:22:17-82
91        </service>
92
93        <provider
93-->[com.google.mlkit:common:18.9.0] AndroidManifest.xml:9:9-13:38
94            android:name="com.google.mlkit.common.internal.MlKitInitProvider"
94-->[com.google.mlkit:common:18.9.0] AndroidManifest.xml:10:13-78
95            android:authorities="com.example.slc_app.mlkitinitprovider"
95-->[com.google.mlkit:common:18.9.0] AndroidManifest.xml:11:13-69
96            android:exported="false"
96-->[com.google.mlkit:common:18.9.0] AndroidManifest.xml:12:13-37
97            android:initOrder="99" />
97-->[com.google.mlkit:common:18.9.0] AndroidManifest.xml:13:13-35
98
99        <activity
99-->[com.google.android.gms:play-services-base:18.1.0] AndroidManifest.xml:20:9-22:45
100            android:name="com.google.android.gms.common.api.GoogleApiActivity"
100-->[com.google.android.gms:play-services-base:18.1.0] AndroidManifest.xml:20:19-85
101            android:exported="false"
101-->[com.google.android.gms:play-services-base:18.1.0] AndroidManifest.xml:22:19-43
102            android:theme="@android:style/Theme.Translucent.NoTitleBar" />
102-->[com.google.android.gms:play-services-base:18.1.0] AndroidManifest.xml:21:19-78
103
104        <meta-data
104-->[com.google.android.gms:play-services-basement:18.1.0] AndroidManifest.xml:21:9-23:69
105            android:name="com.google.android.gms.version"
105-->[com.google.android.gms:play-services-basement:18.1.0] AndroidManifest.xml:22:13-58
106            android:value="@integer/google_play_services_version" />
106-->[com.google.android.gms:play-services-basement:18.1.0] AndroidManifest.xml:23:13-66
107
108        <service
108-->[com.google.android.datatransport:transport-backend-cct:2.3.3] AndroidManifest.xml:29:9-35:19
109            android:name="com.google.android.datatransport.runtime.backends.TransportBackendDiscovery"
109-->[com.google.android.datatransport:transport-backend-cct:2.3.3] AndroidManifest.xml:30:13-103
110            android:exported="false" >
110-->[com.google.android.datatransport:transport-backend-cct:2.3.3] AndroidManifest.xml:31:13-37
111            <meta-data
111-->[com.google.android.datatransport:transport-backend-cct:2.3.3] AndroidManifest.xml:32:13-34:39
112                android:name="backend:com.google.android.datatransport.cct.CctBackendFactory"
112-->[com.google.android.datatransport:transport-backend-cct:2.3.3] AndroidManifest.xml:33:17-94
113                android:value="cct" />
113-->[com.google.android.datatransport:transport-backend-cct:2.3.3] AndroidManifest.xml:34:17-36
114        </service>
115        <service
115-->[com.google.android.datatransport:transport-runtime:2.2.6] AndroidManifest.xml:26:9-30:19
116            android:name="com.google.android.datatransport.runtime.scheduling.jobscheduling.JobInfoSchedulerService"
116-->[com.google.android.datatransport:transport-runtime:2.2.6] AndroidManifest.xml:27:13-117
117            android:exported="false"
117-->[com.google.android.datatransport:transport-runtime:2.2.6] AndroidManifest.xml:28:13-37
118            android:permission="android.permission.BIND_JOB_SERVICE" >
118-->[com.google.android.datatransport:transport-runtime:2.2.6] AndroidManifest.xml:29:13-69
119        </service>
120
121        <receiver
121-->[com.google.android.datatransport:transport-runtime:2.2.6] AndroidManifest.xml:32:9-34:40
122            android:name="com.google.android.datatransport.runtime.scheduling.jobscheduling.AlarmManagerSchedulerBroadcastReceiver"
122-->[com.google.android.datatransport:transport-runtime:2.2.6] AndroidManifest.xml:33:13-132
123            android:exported="false" />
123-->[com.google.android.datatransport:transport-runtime:2.2.6] AndroidManifest.xml:34:13-37
124    </application>
125
126</manifest>